<?xml version="1.0" encoding="UTF-8"?>
<testsuite xmlns:xsi="http://www.w3.org/2001/XMLSchema-instance" xsi:noNamespaceSchemaLocation="https://maven.apache.org/surefire/maven-surefire-plugin/xsd/surefire-test-report-3.0.xsd" version="3.0" name="com.supermarket.service.PaymentServiceTest" time="0.045" tests="6" errors="0" skipped="0" failures="0">
  <properties>
[...]
</properties>
  <testcase name="shouldPayRemainingWithLowestDiscountCard" classname="com.supermarket.service.PaymentServiceTest" time="0.02"/>
  <testcase name="shouldPayWholePriceAfterDiscount" classname="com.supermarket.service.PaymentServiceTest" time="0.001"/>
  <testcase name="shouldUpdatePayment" classname="com.supermarket.service.PaymentServiceTest" time="0.001"/>
  <testcase name="shouldOptimizePayments" classname="com.supermarket.service.PaymentServiceTest" time="0.002"/>
  <testcase name="shouldFindBestTotalPromotion" classname="com.supermarket.service.PaymentServiceTest" time="0.0"/>
  <testcase name="shouldProcessOrderWithPoints" classname="com.supermarket.service.PaymentServiceTest" time="0.0"/>
</testsuite>